2025-02-24T10:50:16.982+01:00  INFO 24440 --- [bibliotheque] [main] c.e.b.BibliothequeApplication            : Starting BibliothequeApplication using Java 17.0.12 with PID 24440 (C:\Users\Admin\Desktop\bibliotheque\target\classes started by Admin Stagiaire in C:\Users\Admin\Desktop\bibliotheque)
2025-02-24T10:50:16.989+01:00  INFO 24440 --- [bibliotheque] [main] c.e.b.BibliothequeApplication            : No active profile set, falling back to 1 default profile: "default"
2025-02-24T10:50:17.809+01:00  INFO 24440 --- [bibliotheque] [main] .s.d.r.c.RepositoryConfigurationDelegate : Bootstrapping Spring Data JPA repositories in DEFAULT mode.
2025-02-24T10:50:17.888+01:00  INFO 24440 --- [bibliotheque] [main] .s.d.r.c.RepositoryConfigurationDelegate : Finished Spring Data repository scanning in 63 ms. Found 2 JPA repository interfaces.
2025-02-24T10:50:18.622+01:00  INFO 24440 --- [bibliotheque] [main] o.s.b.w.embedded.tomcat.TomcatWebServer  : Tomcat initialized with port 8080 (http)
2025-02-24T10:50:18.637+01:00  INFO 24440 --- [bibliotheque] [main] o.apache.catalina.core.StandardService   : Starting service [Tomcat]
2025-02-24T10:50:18.637+01:00  INFO 24440 --- [bibliotheque] [main] o.apache.catalina.core.StandardEngine    : Starting Servlet engine: [Apache Tomcat/10.1.34]
2025-02-24T10:50:18.699+01:00  INFO 24440 --- [bibliotheque] [main] o.a.c.c.C.[Tomcat].[localhost].[/]       : Initializing Spring embedded WebApplicationContext
2025-02-24T10:50:18.700+01:00  INFO 24440 --- [bibliotheque] [main] w.s.c.ServletWebServerApplicationContext : Root WebApplicationContext: initialization completed in 1650 ms
2025-02-24T10:50:18.947+01:00  INFO 24440 --- [bibliotheque] [main] o.hibernate.jpa.internal.util.LogHelper  : HHH000204: Processing PersistenceUnitInfo [name: default]
2025-02-24T10:50:19.048+01:00  INFO 24440 --- [bibliotheque] [main] org.hibernate.Version                    : HHH000412: Hibernate ORM core version 6.6.5.Final
2025-02-24T10:50:19.102+01:00  INFO 24440 --- [bibliotheque] [main] o.h.c.internal.RegionFactoryInitiator    : HHH000026: Second-level cache disabled
2025-02-24T10:50:19.182+01:00 DEBUG 24440 --- [bibliotheque] [main] org.hibernate.type.BasicTypeRegistry     : Adding type registration boolean -> org.hibernate.type.BasicTypeReference@1c30cb85
2025-02-24T10:50:19.183+01:00 DEBUG 24440 --- [bibliotheque] [main] org.hibernate.type.BasicTypeRegistry     : Adding type registration boolean -> org.hibernate.type.BasicTypeReference@1c30cb85
2025-02-24T10:50:19.183+01:00 DEBUG 24440 --- [bibliotheque] [main] org.hibernate.type.BasicTypeRegistry     : Adding type registration java.lang.Boolean -> org.hibernate.type.BasicTypeReference@1c30cb85
2025-02-24T10:50:19.183+01:00 DEBUG 24440 --- [bibliotheque] [main] org.hibernate.type.BasicTypeRegistry     : Adding type registration numeric_boolean -> org.hibernate.type.BasicTypeReference@577bf0aa
2025-02-24T10:50:19.183+01:00 DEBUG 24440 --- [bibliotheque] [main] org.hibernate.type.BasicTypeRegistry     : Adding type registration org.hibernate.type.NumericBooleanConverter -> org.hibernate.type.BasicTypeReference@577bf0aa
2025-02-24T10:50:19.183+01:00 DEBUG 24440 --- [bibliotheque] [main] org.hibernate.type.BasicTypeRegistry     : Adding type registration true_false -> org.hibernate.type.BasicTypeReference@7455dacb
2025-02-24T10:50:19.183+01:00 DEBUG 24440 --- [bibliotheque] [main] org.hibernate.type.BasicTypeRegistry     : Adding type registration org.hibernate.type.TrueFalseConverter -> org.hibernate.type.BasicTypeReference@7455dacb
2025-02-24T10:50:19.183+01:00 DEBUG 24440 --- [bibliotheque] [main] org.hibernate.type.BasicTypeRegistry     : Adding type registration yes_no -> org.hibernate.type.BasicTypeReference@7634f2b
2025-02-24T10:50:19.184+01:00 DEBUG 24440 --- [bibliotheque] [main] org.hibernate.type.BasicTypeRegistry     : Adding type registration org.hibernate.type.YesNoConverter -> org.hibernate.type.BasicTypeReference@7634f2b
2025-02-24T10:50:19.184+01:00 DEBUG 24440 --- [bibliotheque] [main] org.hibernate.type.BasicTypeRegistry     : Adding type registration byte -> org.hibernate.type.BasicTypeReference@1d15c0a1
2025-02-24T10:50:19.184+01:00 DEBUG 24440 --- [bibliotheque] [main] org.hibernate.type.BasicTypeRegistry     : Adding type registration byte -> org.hibernate.type.BasicTypeReference@1d15c0a1
2025-02-24T10:50:19.184+01:00 DEBUG 24440 --- [bibliotheque] [main] org.hibernate.type.BasicTypeRegistry     : Adding type registration java.lang.Byte -> org.hibernate.type.BasicTypeReference@1d15c0a1
2025-02-24T10:50:19.185+01:00 DEBUG 24440 --- [bibliotheque] [main] org.hibernate.type.BasicTypeRegistry     : Adding type registration binary -> org.hibernate.type.BasicTypeReference@15639d09
2025-02-24T10:50:19.185+01:00 DEBUG 24440 --- [bibliotheque] [main] org.hibernate.type.BasicTypeRegistry     : Adding type registration byte[] -> org.hibernate.type.BasicTypeReference@15639d09
2025-02-24T10:50:19.185+01:00 DEBUG 24440 --- [bibliotheque] [main] org.hibernate.type.BasicTypeRegistry     : Adding type registration [B -> org.hibernate.type.BasicTypeReference@15639d09
2025-02-24T10:50:19.185+01:00 DEBUG 24440 --- [bibliotheque] [main] org.hibernate.type.BasicTypeRegistry     : Adding type registration binary_wrapper -> org.hibernate.type.BasicTypeReference@611e5819
2025-02-24T10:50:19.186+01:00 DEBUG 24440 --- [bibliotheque] [main] org.hibernate.type.BasicTypeRegistry     : Adding type registration wrapper-binary -> org.hibernate.type.BasicTypeReference@611e5819
2025-02-24T10:50:19.186+01:00 DEBUG 24440 --- [bibliotheque] [main] org.hibernate.type.BasicTypeRegistry     : Adding type registration image -> org.hibernate.type.BasicTypeReference@681c0ae6
2025-02-24T10:50:19.186+01:00 DEBUG 24440 --- [bibliotheque] [main] org.hibernate.type.BasicTypeRegistry     : Adding type registration blob -> org.hibernate.type.BasicTypeReference@73ca34e7
2025-02-24T10:50:19.186+01:00 DEBUG 24440 --- [bibliotheque] [main] org.hibernate.type.BasicTypeRegistry     : Adding type registration java.sql.Blob -> org.hibernate.type.BasicTypeReference@73ca34e7
2025-02-24T10:50:19.186+01:00 DEBUG 24440 --- [bibliotheque] [main] org.hibernate.type.BasicTypeRegistry     : Adding type registration materialized_blob -> org.hibernate.type.BasicTypeReference@4d98e41b
2025-02-24T10:50:19.186+01:00 DEBUG 24440 --- [bibliotheque] [main] org.hibernate.type.BasicTypeRegistry     : Adding type registration materialized_blob_wrapper -> org.hibernate.type.BasicTypeReference@5ed5b321
2025-02-24T10:50:19.186+01:00 DEBUG 24440 --- [bibliotheque] [main] org.hibernate.type.BasicTypeRegistry     : Adding type registration short -> org.hibernate.type.BasicTypeReference@5696c927
2025-02-24T10:50:19.186+01:00 DEBUG 24440 --- [bibliotheque] [main] org.hibernate.type.BasicTypeRegistry     : Adding type registration short -> org.hibernate.type.BasicTypeReference@5696c927
2025-02-24T10:50:19.186+01:00 DEBUG 24440 --- [bibliotheque] [main] org.hibernate.type.BasicTypeRegistry     : Adding type registration java.lang.Short -> org.hibernate.type.BasicTypeReference@5696c927
2025-02-24T10:50:19.187+01:00 DEBUG 24440 --- [bibliotheque] [main] org.hibernate.type.BasicTypeRegistry     : Adding type registration integer -> org.hibernate.type.BasicTypeReference@7459a21e
2025-02-24T10:50:19.187+01:00 DEBUG 24440 --- [bibliotheque] [main] org.hibernate.type.BasicTypeRegistry     : Adding type registration int -> org.hibernate.type.BasicTypeReference@7459a21e
2025-02-24T10:50:19.187+01:00 DEBUG 24440 --- [bibliotheque] [main] org.hibernate.type.BasicTypeRegistry     : Adding type registration java.lang.Integer -> org.hibernate.type.BasicTypeReference@7459a21e
2025-02-24T10:50:19.187+01:00 DEBUG 24440 --- [bibliotheque] [main] org.hibernate.type.BasicTypeRegistry     : Adding type registration long -> org.hibernate.type.BasicTypeReference@7eeb38b2
2025-02-24T10:50:19.187+01:00 DEBUG 24440 --- [bibliotheque] [main] org.hibernate.type.BasicTypeRegistry     : Adding type registration long -> org.hibernate.type.BasicTypeReference@7eeb38b2
2025-02-24T10:50:19.187+01:00 DEBUG 24440 --- [bibliotheque] [main] org.hibernate.type.BasicTypeRegistry     : Adding type registration java.lang.Long -> org.hibernate.type.BasicTypeReference@7eeb38b2
2025-02-24T10:50:19.187+01:00 DEBUG 24440 --- [bibliotheque] [main] org.hibernate.type.BasicTypeRegistry     : Adding type registration float -> org.hibernate.type.BasicTypeReference@d54d0f5
2025-02-24T10:50:19.187+01:00 DEBUG 24440 --- [bibliotheque] [main] org.hibernate.type.BasicTypeRegistry     : Adding type registration float -> org.hibernate.type.BasicTypeReference@d54d0f5
2025-02-24T10:50:19.187+01:00 DEBUG 24440 --- [bibliotheque] [main] org.hibernate.type.BasicTypeRegistry     : Adding type registration java.lang.Float -> org.hibernate.type.BasicTypeReference@d54d0f5
2025-02-24T10:50:19.187+01:00 DEBUG 24440 --- [bibliotheque] [main] org.hibernate.type.BasicTypeRegistry     : Adding type registration double -> org.hibernate.type.BasicTypeReference@6d6bff89
2025-02-24T10:50:19.187+01:00 DEBUG 24440 --- [bibliotheque] [main] org.hibernate.type.BasicTypeRegistry     : Adding type registration double -> org.hibernate.type.BasicTypeReference@6d6bff89
2025-02-24T10:50:19.187+01:00 DEBUG 24440 --- [bibliotheque] [main] org.hibernate.type.BasicTypeRegistry     : Adding type registration java.lang.Double -> org.hibernate.type.BasicTypeReference@6d6bff89
2025-02-24T10:50:19.187+01:00 DEBUG 24440 --- [bibliotheque] [main] org.hibernate.type.BasicTypeRegistry     : Adding type registration big_integer -> org.hibernate.type.BasicTypeReference@541bf968
2025-02-24T10:50:19.187+01:00 DEBUG 24440 --- [bibliotheque] [main] org.hibernate.type.BasicTypeRegistry     : Adding type registration java.math.BigInteger -> org.hibernate.type.BasicTypeReference@541bf968
2025-02-24T10:50:19.188+01:00 DEBUG 24440 --- [bibliotheque] [main] org.hibernate.type.BasicTypeRegistry     : Adding type registration big_decimal -> org.hibernate.type.BasicTypeReference@739265f1
2025-02-24T10:50:19.188+01:00 DEBUG 24440 --- [bibliotheque] [main] org.hibernate.type.BasicTypeRegistry     : Adding type registration java.math.BigDecimal -> org.hibernate.type.BasicTypeReference@739265f1
2025-02-24T10:50:19.188+01:00 DEBUG 24440 --- [bibliotheque] [main] org.hibernate.type.BasicTypeRegistry     : Adding type registration character -> org.hibernate.type.BasicTypeReference@58eac00e
2025-02-24T10:50:19.188+01:00 DEBUG 24440 --- [bibliotheque] [main] org.hibernate.type.BasicTypeRegistry     : Adding type registration char -> org.hibernate.type.BasicTypeReference@58eac00e
2025-02-24T10:50:19.188+01:00 DEBUG 24440 --- [bibliotheque] [main] org.hibernate.type.BasicTypeRegistry     : Adding type registration java.lang.Character -> org.hibernate.type.BasicTypeReference@58eac00e
2025-02-24T10:50:19.188+01:00 DEBUG 24440 --- [bibliotheque] [main] org.hibernate.type.BasicTypeRegistry     : Adding type registration character_nchar -> org.hibernate.type.BasicTypeReference@6acffb2d
2025-02-24T10:50:19.188+01:00 DEBUG 24440 --- [bibliotheque] [main] org.hibernate.type.BasicTypeRegistry     : Adding type registration string -> org.hibernate.type.BasicTypeReference@61149fa5
2025-02-24T10:50:19.188+01:00 DEBUG 24440 --- [bibliotheque] [main] org.hibernate.type.BasicTypeRegistry     : Adding type registration java.lang.String -> org.hibernate.type.BasicTypeReference@61149fa5
2025-02-24T10:50:19.188+01:00 DEBUG 24440 --- [bibliotheque] [main] org.hibernate.type.BasicTypeRegistry     : Adding type registration nstring -> org.hibernate.type.BasicTypeReference@149c39b
2025-02-24T10:50:19.188+01:00 DEBUG 24440 --- [bibliotheque] [main] org.hibernate.type.BasicTypeRegistry     : Adding type registration characters -> org.hibernate.type.BasicTypeReference@f2d890c
2025-02-24T10:50:19.188+01:00 DEBUG 24440 --- [bibliotheque] [main] org.hibernate.type.BasicTypeRegistry     : Adding type registration char[] -> org.hibernate.type.BasicTypeReference@f2d890c
2025-02-24T10:50:19.188+01:00 DEBUG 24440 --- [bibliotheque] [main] org.hibernate.type.BasicTypeRegistry     : Adding type registration [C -> org.hibernate.type.BasicTypeReference@f2d890c
2025-02-24T10:50:19.189+01:00 DEBUG 24440 --- [bibliotheque] [main] org.hibernate.type.BasicTypeRegistry     : Adding type registration wrapper-characters -> org.hibernate.type.BasicTypeReference@1a2e0d57
2025-02-24T10:50:19.189+01:00 DEBUG 24440 --- [bibliotheque] [main] org.hibernate.type.BasicTypeRegistry     : Adding type registration text -> org.hibernate.type.BasicTypeReference@5f025000
2025-02-24T10:50:19.189+01:00 DEBUG 24440 --- [bibliotheque] [main] org.hibernate.type.BasicTypeRegistry     : Adding type registration ntext -> org.hibernate.type.BasicTypeReference@10980560
2025-02-24T10:50:19.189+01:00 DEBUG 24440 --- [bibliotheque] [main] org.hibernate.type.BasicTypeRegistry     : Adding type registration clob -> org.hibernate.type.BasicTypeReference@739e8b96
2025-02-24T10:50:19.189+01:00 DEBUG 24440 --- [bibliotheque] [main] org.hibernate.type.BasicTypeRegistry     : Adding type registration java.sql.Clob -> org.hibernate.type.BasicTypeReference@739e8b96
2025-02-24T10:50:19.189+01:00 DEBUG 24440 --- [bibliotheque] [main] org.hibernate.type.BasicTypeRegistry     : Adding type registration nclob -> org.hibernate.type.BasicTypeReference@19b07407
2025-02-24T10:50:19.189+01:00 DEBUG 24440 --- [bibliotheque] [main] org.hibernate.type.BasicTypeRegistry     : Adding type registration java.sql.NClob -> org.hibernate.type.BasicTypeReference@19b07407
2025-02-24T10:50:19.189+01:00 DEBUG 24440 --- [bibliotheque] [main] org.hibernate.type.BasicTypeRegistry     : Adding type registration materialized_clob -> org.hibernate.type.BasicTypeReference@54ffa561
2025-02-24T10:50:19.189+01:00 DEBUG 24440 --- [bibliotheque] [main] org.hibernate.type.BasicTypeRegistry     : Adding type registration materialized_clob_char_array -> org.hibernate.type.BasicTypeReference@49c099b
2025-02-24T10:50:19.189+01:00 DEBUG 24440 --- [bibliotheque] [main] org.hibernate.type.BasicTypeRegistry     : Adding type registration materialized_clob_character_array -> org.hibernate.type.BasicTypeReference@3d9f0a5
2025-02-24T10:50:19.189+01:00 DEBUG 24440 --- [bibliotheque] [main] org.hibernate.type.BasicTypeRegistry     : Adding type registration materialized_nclob -> org.hibernate.type.BasicTypeReference@1953bc95
2025-02-24T10:50:19.190+01:00 DEBUG 24440 --- [bibliotheque] [main] org.hibernate.type.BasicTypeRegistry     : Adding type registration materialized_nclob_character_array -> org.hibernate.type.BasicTypeReference@30aec673
2025-02-24T10:50:19.190+01:00 DEBUG 24440 --- [bibliotheque] [main] org.hibernate.type.BasicTypeRegistry     : Adding type registration materialized_nclob_char_array -> org.hibernate.type.BasicTypeReference@549ac12c
2025-02-24T10:50:19.190+01:00 DEBUG 24440 --- [bibliotheque] [main] org.hibernate.type.BasicTypeRegistry     : Adding type registration Duration -> org.hibernate.type.BasicTypeReference@188a5fc2
2025-02-24T10:50:19.190+01:00 DEBUG 24440 --- [bibliotheque] [main] org.hibernate.type.BasicTypeRegistry     : Adding type registration java.time.Duration -> org.hibernate.type.BasicTypeReference@188a5fc2
2025-02-24T10:50:19.190+01:00 DEBUG 24440 --- [bibliotheque] [main] org.hibernate.type.BasicTypeRegistry     : Adding type registration LocalDateTime -> org.hibernate.type.BasicTypeReference@1cb9ef52
2025-02-24T10:50:19.190+01:00 DEBUG 24440 --- [bibliotheque] [main] org.hibernate.type.BasicTypeRegistry     : Adding type registration java.time.LocalDateTime -> org.hibernate.type.BasicTypeReference@1cb9ef52
2025-02-24T10:50:19.190+01:00 DEBUG 24440 --- [bibliotheque] [main] org.hibernate.type.BasicTypeRegistry     : Adding type registration LocalDate -> org.hibernate.type.BasicTypeReference@5a622fe8
2025-02-24T10:50:19.190+01:00 DEBUG 24440 --- [bibliotheque] [main] org.hibernate.type.BasicTypeRegistry     : Adding type registration java.time.LocalDate -> org.hibernate.type.BasicTypeReference@5a622fe8
2025-02-24T10:50:19.190+01:00 DEBUG 24440 --- [bibliotheque] [main] org.hibernate.type.BasicTypeRegistry     : Adding type registration LocalTime -> org.hibernate.type.BasicTypeReference@58f31629
2025-02-24T10:50:19.190+01:00 DEBUG 24440 --- [bibliotheque] [main] org.hibernate.type.BasicTypeRegistry     : Adding type registration java.time.LocalTime -> org.hibernate.type.BasicTypeReference@58f31629
2025-02-24T10:50:19.190+01:00 DEBUG 24440 --- [bibliotheque] [main] org.hibernate.type.BasicTypeRegistry     : Adding type registration OffsetDateTime -> org.hibernate.type.BasicTypeReference@124d26ba
2025-02-24T10:50:19.191+01:00 DEBUG 24440 --- [bibliotheque] [main] org.hibernate.type.BasicTypeRegistry     : Adding type registration java.time.OffsetDateTime -> org.hibernate.type.BasicTypeReference@124d26ba
2025-02-24T10:50:19.191+01:00 DEBUG 24440 --- [bibliotheque] [main] org.hibernate.type.BasicTypeRegistry     : Adding type registration OffsetDateTimeWithTimezone -> org.hibernate.type.BasicTypeReference@415d88de
2025-02-24T10:50:19.191+01:00 DEBUG 24440 --- [bibliotheque] [main] org.hibernate.type.BasicTypeRegistry     : Adding type registration OffsetDateTimeWithoutTimezone -> org.hibernate.type.BasicTypeReference@a0bf272
2025-02-24T10:50:19.191+01:00 DEBUG 24440 --- [bibliotheque] [main] org.hibernate.type.BasicTypeRegistry     : Adding type registration OffsetTime -> org.hibernate.type.BasicTypeReference@4a89ef44
2025-02-24T10:50:19.191+01:00 DEBUG 24440 --- [bibliotheque] [main] org.hibernate.type.BasicTypeRegistry     : Adding type registration java.time.OffsetTime -> org.hibernate.type.BasicTypeReference@4a89ef44
2025-02-24T10:50:19.191+01:00 DEBUG 24440 --- [bibliotheque] [main] org.hibernate.type.BasicTypeRegistry     : Adding type registration OffsetTimeUtc -> org.hibernate.type.BasicTypeReference@310a7859
2025-02-24T10:50:19.191+01:00 DEBUG 24440 --- [bibliotheque] [main] org.hibernate.type.BasicTypeRegistry     : Adding type registration OffsetTimeWithTimezone -> org.hibernate.type.BasicTypeReference@1cbc1dde
2025-02-24T10:50:19.191+01:00 DEBUG 24440 --- [bibliotheque] [main] org.hibernate.type.BasicTypeRegistry     : Adding type registration OffsetTimeWithoutTimezone -> org.hibernate.type.BasicTypeReference@4971f459
2025-02-24T10:50:19.191+01:00 DEBUG 24440 --- [bibliotheque] [main] org.hibernate.type.BasicTypeRegistry     : Adding type registration ZonedDateTime -> org.hibernate.type.BasicTypeReference@4c07d1fc
2025-02-24T10:50:19.191+01:00 DEBUG 24440 --- [bibliotheque] [main] org.hibernate.type.BasicTypeRegistry     : Adding type registration java.time.ZonedDateTime -> org.hibernate.type.BasicTypeReference@4c07d1fc
2025-02-24T10:50:19.191+01:00 DEBUG 24440 --- [bibliotheque] [main] org.hibernate.type.BasicTypeRegistry     : Adding type registration ZonedDateTimeWithTimezone -> org.hibernate.type.BasicTypeReference@2eada095
2025-02-24T10:50:19.192+01:00 DEBUG 24440 --- [bibliotheque] [main] org.hibernate.type.BasicTypeRegistry     : Adding type registration ZonedDateTimeWithoutTimezone -> org.hibernate.type.BasicTypeReference@52831a73
2025-02-24T10:50:19.192+01:00 DEBUG 24440 --- [bibliotheque] [main] org.hibernate.type.BasicTypeRegistry     : Adding type registration date -> org.hibernate.type.BasicTypeReference@1416ff46
2025-02-24T10:50:19.193+01:00 DEBUG 24440 --- [bibliotheque] [main] org.hibernate.type.BasicTypeRegistry     : Adding type registration java.sql.Date -> org.hibernate.type.BasicTypeReference@1416ff46
2025-02-24T10:50:19.193+01:00 DEBUG 24440 --- [bibliotheque] [main] org.hibernate.type.BasicTypeRegistry     : Adding type registration time -> org.hibernate.type.BasicTypeReference@66ec4409
2025-02-24T10:50:19.193+01:00 DEBUG 24440 --- [bibliotheque] [main] org.hibernate.type.BasicTypeRegistry     : Adding type registration java.sql.Time -> org.hibernate.type.BasicTypeReference@66ec4409
2025-02-24T10:50:19.193+01:00 DEBUG 24440 --- [bibliotheque] [main] org.hibernate.type.BasicTypeRegistry     : Adding type registration timestamp -> org.hibernate.type.BasicTypeReference@2506e949
2025-02-24T10:50:19.193+01:00 DEBUG 24440 --- [bibliotheque] [main] org.hibernate.type.BasicTypeRegistry     : Adding type registration java.sql.Timestamp -> org.hibernate.type.BasicTypeReference@2506e949
2025-02-24T10:50:19.193+01:00 DEBUG 24440 --- [bibliotheque] [main] org.hibernate.type.BasicTypeRegistry     : Adding type registration java.util.Date -> org.hibernate.type.BasicTypeReference@2506e949
2025-02-24T10:50:19.193+01:00 DEBUG 24440 --- [bibliotheque] [main] org.hibernate.type.BasicTypeRegistry     : Adding type registration calendar -> org.hibernate.type.BasicTypeReference@6f1c3f18
2025-02-24T10:50:19.193+01:00 DEBUG 24440 --- [bibliotheque] [main] org.hibernate.type.BasicTypeRegistry     : Adding type registration java.util.Calendar -> org.hibernate.type.BasicTypeReference@6f1c3f18
2025-02-24T10:50:19.193+01:00 DEBUG 24440 --- [bibliotheque] [main] org.hibernate.type.BasicTypeRegistry     : Adding type registration java.util.GregorianCalendar -> org.hibernate.type.BasicTypeReference@6f1c3f18
2025-02-24T10:50:19.194+01:00 DEBUG 24440 --- [bibliotheque] [main] org.hibernate.type.BasicTypeRegistry     : Adding type registration calendar_date -> org.hibernate.type.BasicTypeReference@4c531172
2025-02-24T10:50:19.194+01:00 DEBUG 24440 --- [bibliotheque] [main] org.hibernate.type.BasicTypeRegistry     : Adding type registration calendar_time -> org.hibernate.type.BasicTypeReference@489bc8fd
2025-02-24T10:50:19.194+01:00 DEBUG 24440 --- [bibliotheque] [main] org.hibernate.type.BasicTypeRegistry     : Adding type registration instant -> org.hibernate.type.BasicTypeReference@5ac53c06
2025-02-24T10:50:19.194+01:00 DEBUG 24440 --- [bibliotheque] [main] org.hibernate.type.BasicTypeRegistry     : Adding type registration java.time.Instant -> org.hibernate.type.BasicTypeReference@5ac53c06
2025-02-24T10:50:19.194+01:00 DEBUG 24440 --- [bibliotheque] [main] org.hibernate.type.BasicTypeRegistry     : Adding type registration uuid -> org.hibernate.type.BasicTypeReference@54af3cb9
2025-02-24T10:50:19.194+01:00 DEBUG 24440 --- [bibliotheque] [main] org.hibernate.type.BasicTypeRegistry     : Adding type registration java.util.UUID -> org.hibernate.type.BasicTypeReference@54af3cb9
2025-02-24T10:50:19.194+01:00 DEBUG 24440 --- [bibliotheque] [main] org.hibernate.type.BasicTypeRegistry     : Adding type registration pg-uuid -> org.hibernate.type.BasicTypeReference@54af3cb9
2025-02-24T10:50:19.194+01:00 DEBUG 24440 --- [bibliotheque] [main] org.hibernate.type.BasicTypeRegistry     : Adding type registration uuid-binary -> org.hibernate.type.BasicTypeReference@236fdf
2025-02-24T10:50:19.194+01:00 DEBUG 24440 --- [bibliotheque] [main] org.hibernate.type.BasicTypeRegistry     : Adding type registration uuid-char -> org.hibernate.type.BasicTypeReference@16e99306
2025-02-24T10:50:19.195+01:00 DEBUG 24440 --- [bibliotheque] [main] org.hibernate.type.BasicTypeRegistry     : Adding type registration class -> org.hibernate.type.BasicTypeReference@653fb8d1
2025-02-24T10:50:19.195+01:00 DEBUG 24440 --- [bibliotheque] [main] org.hibernate.type.BasicTypeRegistry     : Adding type registration java.lang.Class -> org.hibernate.type.BasicTypeReference@653fb8d1
2025-02-24T10:50:19.195+01:00 DEBUG 24440 --- [bibliotheque] [main] org.hibernate.type.BasicTypeRegistry     : Adding type registration currency -> org.hibernate.type.BasicTypeReference@48581a3b
2025-02-24T10:50:19.195+01:00 DEBUG 24440 --- [bibliotheque] [main] org.hibernate.type.BasicTypeRegistry     : Adding type registration Currency -> org.hibernate.type.BasicTypeReference@48581a3b
2025-02-24T10:50:19.195+01:00 DEBUG 24440 --- [bibliotheque] [main] org.hibernate.type.BasicTypeRegistry     : Adding type registration java.util.Currency -> org.hibernate.type.BasicTypeReference@48581a3b
2025-02-24T10:50:19.195+01:00 DEBUG 24440 --- [bibliotheque] [main] org.hibernate.type.BasicTypeRegistry     : Adding type registration locale -> org.hibernate.type.BasicTypeReference@531ec978
2025-02-24T10:50:19.195+01:00 DEBUG 24440 --- [bibliotheque] [main] org.hibernate.type.BasicTypeRegistry     : Adding type registration java.util.Locale -> org.hibernate.type.BasicTypeReference@531ec978
2025-02-24T10:50:19.195+01:00 DEBUG 24440 --- [bibliotheque] [main] org.hibernate.type.BasicTypeRegistry     : Adding type registration serializable -> org.hibernate.type.BasicTypeReference@93501be
2025-02-24T10:50:19.195+01:00 DEBUG 24440 --- [bibliotheque] [main] org.hibernate.type.BasicTypeRegistry     : Adding type registration java.io.Serializable -> org.hibernate.type.BasicTypeReference@93501be
2025-02-24T10:50:19.195+01:00 DEBUG 24440 --- [bibliotheque] [main] org.hibernate.type.BasicTypeRegistry     : Adding type registration timezone -> org.hibernate.type.BasicTypeReference@11d4d979
2025-02-24T10:50:19.196+01:00 DEBUG 24440 --- [bibliotheque] [main] org.hibernate.type.BasicTypeRegistry     : Adding type registration java.util.TimeZone -> org.hibernate.type.BasicTypeReference@11d4d979
2025-02-24T10:50:19.196+01:00 DEBUG 24440 --- [bibliotheque] [main] org.hibernate.type.BasicTypeRegistry     : Adding type registration ZoneOffset -> org.hibernate.type.BasicTypeReference@195580ba
2025-02-24T10:50:19.196+01:00 DEBUG 24440 --- [bibliotheque] [main] org.hibernate.type.BasicTypeRegistry     : Adding type registration java.time.ZoneOffset -> org.hibernate.type.BasicTypeReference@195580ba
2025-02-24T10:50:19.196+01:00 DEBUG 24440 --- [bibliotheque] [main] org.hibernate.type.BasicTypeRegistry     : Adding type registration url -> org.hibernate.type.BasicTypeReference@3c25cfe1
2025-02-24T10:50:19.196+01:00 DEBUG 24440 --- [bibliotheque] [main] org.hibernate.type.BasicTypeRegistry     : Adding type registration java.net.URL -> org.hibernate.type.BasicTypeReference@3c25cfe1
2025-02-24T10:50:19.196+01:00 DEBUG 24440 --- [bibliotheque] [main] org.hibernate.type.BasicTypeRegistry     : Adding type registration vector -> org.hibernate.type.BasicTypeReference@1d3c112a
2025-02-24T10:50:19.196+01:00 DEBUG 24440 --- [bibliotheque] [main] org.hibernate.type.BasicTypeRegistry     : Adding type registration float_vector -> org.hibernate.type.BasicTypeReference@2a140ce5
2025-02-24T10:50:19.196+01:00 DEBUG 24440 --- [bibliotheque] [main] org.hibernate.type.BasicTypeRegistry     : Adding type registration double_vector -> org.hibernate.type.BasicTypeReference@1f71194d
2025-02-24T10:50:19.196+01:00 DEBUG 24440 --- [bibliotheque] [main] org.hibernate.type.BasicTypeRegistry     : Adding type registration byte_vector -> org.hibernate.type.BasicTypeReference@db99785
2025-02-24T10:50:19.196+01:00 DEBUG 24440 --- [bibliotheque] [main] org.hibernate.type.BasicTypeRegistry     : Adding type registration row_version -> org.hibernate.type.BasicTypeReference@70716259
2025-02-24T10:50:19.203+01:00 DEBUG 24440 --- [bibliotheque] [main] org.hibernate.type.BasicTypeRegistry     : Adding type registration object -> org.hibernate.type.JavaObjectType@46320c9a
2025-02-24T10:50:19.203+01:00 DEBUG 24440 --- [bibliotheque] [main] org.hibernate.type.BasicTypeRegistry     : Adding type registration java.lang.Object -> org.hibernate.type.JavaObjectType@46320c9a
2025-02-24T10:50:19.204+01:00 DEBUG 24440 --- [bibliotheque] [main] org.hibernate.type.BasicTypeRegistry     : Adding type registration null -> org.hibernate.type.NullType@5b251fb9
2025-02-24T10:50:19.205+01:00 DEBUG 24440 --- [bibliotheque] [main] org.hibernate.type.BasicTypeRegistry     : Adding type registration imm_date -> org.hibernate.type.BasicTypeReference@67d4c48d
2025-02-24T10:50:19.205+01:00 DEBUG 24440 --- [bibliotheque] [main] org.hibernate.type.BasicTypeRegistry     : Adding type registration imm_time -> org.hibernate.type.BasicTypeReference@230a73f2
2025-02-24T10:50:19.205+01:00 DEBUG 24440 --- [bibliotheque] [main] org.hibernate.type.BasicTypeRegistry     : Adding type registration imm_timestamp -> org.hibernate.type.BasicTypeReference@4b97b3d2
2025-02-24T10:50:19.205+01:00 DEBUG 24440 --- [bibliotheque] [main] org.hibernate.type.BasicTypeRegistry     : Adding type registration imm_calendar -> org.hibernate.type.BasicTypeReference@383cb5ce
2025-02-24T10:50:19.205+01:00 DEBUG 24440 --- [bibliotheque] [main] org.hibernate.type.BasicTypeRegistry     : Adding type registration imm_calendar_date -> org.hibernate.type.BasicTypeReference@798deee8
2025-02-24T10:50:19.205+01:00 DEBUG 24440 --- [bibliotheque] [main] org.hibernate.type.BasicTypeRegistry     : Adding type registration imm_calendar_time -> org.hibernate.type.BasicTypeReference@96897c8
2025-02-24T10:50:19.205+01:00 DEBUG 24440 --- [bibliotheque] [main] org.hibernate.type.BasicTypeRegistry     : Adding type registration imm_binary -> org.hibernate.type.BasicTypeReference@7f97bc14
2025-02-24T10:50:19.205+01:00 DEBUG 24440 --- [bibliotheque] [main] org.hibernate.type.BasicTypeRegistry     : Adding type registration imm_serializable -> org.hibernate.type.BasicTypeReference@22d8f4ed
2025-02-24T10:50:19.445+01:00  INFO 24440 --- [bibliotheque] [main] o.s.o.j.p.SpringPersistenceUnitInfo      : No LoadTimeWeaver setup: ignoring JPA class transformer
2025-02-24T10:50:19.498+01:00  INFO 24440 --- [bibliotheque] [main] com.zaxxer.hikari.HikariDataSource       : HikariPool-1 - Starting...
2025-02-24T10:50:19.622+01:00  INFO 24440 --- [bibliotheque] [main] com.zaxxer.hikari.pool.HikariPool        : HikariPool-1 - Added connection org.mariadb.jdbc.Connection@3120495d
2025-02-24T10:50:19.624+01:00  INFO 24440 --- [bibliotheque] [main] com.zaxxer.hikari.HikariDataSource       : HikariPool-1 - Start completed.
2025-02-24T10:50:19.655+01:00  WARN 24440 --- [bibliotheque] [main] org.hibernate.orm.deprecation            : HHH90000025: MariaDBDialect does not need to be specified explicitly using 'hibernate.dialect' (remove the property setting and it will be selected by default)
2025-02-24T10:50:19.682+01:00  INFO 24440 --- [bibliotheque] [main] org.hibernate.orm.connections.pooling    : HHH10001005: Database info:
	Database JDBC URL [Connecting through datasource 'HikariDataSource (HikariPool-1)']
	Database driver: undefined/unknown
	Database version: 11.5.2
	Autocommit mode: undefined/unknown
	Isolation level: undefined/unknown
	Minimum pool size: undefined/unknown
	Maximum pool size: undefined/unknown
2025-02-24T10:50:19.694+01:00 DEBUG 24440 --- [bibliotheque] [main] o.h.t.d.sql.spi.DdlTypeRegistry          : addDescriptor(12, org.hibernate.type.descriptor.sql.internal.CapacityDependentDdlType@2cd3fc29) replaced previous registration(org.hibernate.type.descriptor.sql.internal.CapacityDependentDdlType@55951fcd)
2025-02-24T10:50:19.694+01:00 DEBUG 24440 --- [bibliotheque] [main] o.h.t.d.sql.spi.DdlTypeRegistry          : addDescriptor(-9, org.hibernate.type.descriptor.sql.internal.CapacityDependentDdlType@3513d214) replaced previous registration(org.hibernate.type.descriptor.sql.internal.CapacityDependentDdlType@7534785a)
2025-02-24T10:50:19.694+01:00 DEBUG 24440 --- [bibliotheque] [main] o.h.t.d.sql.spi.DdlTypeRegistry          : addDescriptor(-3, org.hibernate.type.descriptor.sql.internal.CapacityDependentDdlType@46b5f061) replaced previous registration(org.hibernate.type.descriptor.sql.internal.CapacityDependentDdlType@3ba3f40d)
2025-02-24T10:50:19.694+01:00 DEBUG 24440 --- [bibliotheque] [main] o.h.t.d.sql.spi.DdlTypeRegistry          : addDescriptor(4003, org.hibernate.type.descriptor.sql.internal.DdlTypeImpl@108b121f) replaced previous registration(org.hibernate.type.descriptor.sql.internal.DdlTypeImpl@46ab4efc)
2025-02-24T10:50:19.694+01:00 DEBUG 24440 --- [bibliotheque] [main] o.h.t.d.sql.spi.DdlTypeRegistry          : addDescriptor(4001, org.hibernate.type.descriptor.sql.internal.DdlTypeImpl@2ff498b0) replaced previous registration(org.hibernate.type.descriptor.sql.internal.DdlTypeImpl@b5312df)
2025-02-24T10:50:19.694+01:00 DEBUG 24440 --- [bibliotheque] [main] o.h.t.d.sql.spi.DdlTypeRegistry          : addDescriptor(4002, org.hibernate.type.descriptor.sql.internal.DdlTypeImpl@4300e240) replaced previous registration(org.hibernate.type.descriptor.sql.internal.DdlTypeImpl@5f409872)
2025-02-24T10:50:19.694+01:00 DEBUG 24440 --- [bibliotheque] [main] o.h.t.d.sql.spi.DdlTypeRegistry          : addDescriptor(2004, org.hibernate.type.descriptor.sql.internal.CapacityDependentDdlType@547aaa32) replaced previous registration(org.hibernate.type.descriptor.sql.internal.DdlTypeImpl@472c9f88)
2025-02-24T10:50:19.694+01:00 DEBUG 24440 --- [bibliotheque] [main] o.h.t.d.sql.spi.DdlTypeRegistry          : addDescriptor(2005, org.hibernate.type.descriptor.sql.internal.CapacityDependentDdlType@37a67cf) replaced previous registration(org.hibernate.type.descriptor.sql.internal.DdlTypeImpl@5822ecda)
2025-02-24T10:50:19.695+01:00 DEBUG 24440 --- [bibliotheque] [main] o.h.t.d.sql.spi.DdlTypeRegistry          : addDescriptor(2011, org.hibernate.type.descriptor.sql.internal.CapacityDependentDdlType@5908e6d6) replaced previous registration(org.hibernate.type.descriptor.sql.internal.DdlTypeImpl@7afbf2a0)
2025-02-24T10:50:19.700+01:00 DEBUG 24440 --- [bibliotheque] [main] org.hibernate.type.BasicTypeRegistry     : Adding type registration null -> org.hibernate.type.NullType@2ae5bd34
2025-02-24T10:50:19.700+01:00 DEBUG 24440 --- [bibliotheque] [main] org.hibernate.type.BasicTypeRegistry     : Type registration key [null] overrode previous entry : `org.hibernate.type.NullType@5b251fb9`
2025-02-24T10:50:19.705+01:00 DEBUG 24440 --- [bibliotheque] [main] org.hibernate.type.BasicTypeRegistry     : Adding type registration org.hibernate.type.DurationType -> basicType@1(java.time.Duration,3015)
2025-02-24T10:50:19.706+01:00 DEBUG 24440 --- [bibliotheque] [main] org.hibernate.type.BasicTypeRegistry     : Adding type registration Duration -> basicType@1(java.time.Duration,3015)
2025-02-24T10:50:19.706+01:00 DEBUG 24440 --- [bibliotheque] [main] org.hibernate.type.BasicTypeRegistry     : Adding type registration java.time.Duration -> basicType@1(java.time.Duration,3015)
2025-02-24T10:50:19.711+01:00 DEBUG 24440 --- [bibliotheque] [main] org.hibernate.type.BasicTypeRegistry     : Adding type registration org.hibernate.type.OffsetDateTimeType -> basicType@2(java.time.OffsetDateTime,3003)
2025-02-24T10:50:19.711+01:00 DEBUG 24440 --- [bibliotheque] [main] org.hibernate.type.BasicTypeRegistry     : Adding type registration OffsetDateTime -> basicType@2(java.time.OffsetDateTime,3003)
2025-02-24T10:50:19.711+01:00 DEBUG 24440 --- [bibliotheque] [main] org.hibernate.type.BasicTypeRegistry     : Adding type registration java.time.OffsetDateTime -> basicType@2(java.time.OffsetDateTime,3003)
2025-02-24T10:50:19.711+01:00 DEBUG 24440 --- [bibliotheque] [main] org.hibernate.type.BasicTypeRegistry     : Adding type registration org.hibernate.type.ZonedDateTimeType -> basicType@3(java.time.ZonedDateTime,3003)
2025-02-24T10:50:19.711+01:00 DEBUG 24440 --- [bibliotheque] [main] org.hibernate.type.BasicTypeRegistry     : Adding type registration ZonedDateTime -> basicType@3(java.time.ZonedDateTime,3003)
2025-02-24T10:50:19.711+01:00 DEBUG 24440 --- [bibliotheque] [main] org.hibernate.type.BasicTypeRegistry     : Adding type registration java.time.ZonedDateTime -> basicType@3(java.time.ZonedDateTime,3003)
2025-02-24T10:50:19.713+01:00 DEBUG 24440 --- [bibliotheque] [main] org.hibernate.type.BasicTypeRegistry     : Adding type registration org.hibernate.type.OffsetTimeType -> basicType@4(java.time.OffsetTime,3007)
2025-02-24T10:50:19.713+01:00 DEBUG 24440 --- [bibliotheque] [main] org.hibernate.type.BasicTypeRegistry     : Adding type registration OffsetTime -> basicType@4(java.time.OffsetTime,3007)
2025-02-24T10:50:19.713+01:00 DEBUG 24440 --- [bibliotheque] [main] org.hibernate.type.BasicTypeRegistry     : Adding type registration java.time.OffsetTime -> basicType@4(java.time.OffsetTime,3007)
2025-02-24T10:50:19.714+01:00 DEBUG 24440 --- [bibliotheque] [main] o.h.type.spi.TypeConfiguration$Scope     : Scoping TypeConfiguration [org.hibernate.type.spi.TypeConfiguration@63187d63] to MetadataBuildingContext [org.hibernate.boot.internal.MetadataBuildingContextRootImpl@1ccdc7aa]
2025-02-24T10:50:20.577+01:00  INFO 24440 --- [bibliotheque] [main] o.h.e.t.j.p.i.JtaPlatformInitiator       : HHH000489: No JTA platform available (set 'hibernate.transaction.jta.platform' to enable JTA platform integration)
2025-02-24T10:50:20.578+01:00 DEBUG 24440 --- [bibliotheque] [main] o.h.type.spi.TypeConfiguration$Scope     : Scoping TypeConfiguration [org.hibernate.type.spi.TypeConfiguration@63187d63] to SessionFactoryImplementor [org.hibernate.internal.SessionFactoryImpl@6c4786af]
2025-02-24T10:50:20.618+01:00 DEBUG 24440 --- [bibliotheque] [main] org.hibernate.SQL                        : create table author (id bigint not null, author_address varchar(255), author_name varchar(255), primary key (id)) engine=InnoDB
2025-02-24T10:50:20.624+01:00 DEBUG 24440 --- [bibliotheque] [main] org.hibernate.SQL                        : create table book (id bigint not null, name varchar(255), author_id bigint, primary key (id)) engine=InnoDB
2025-02-24T10:50:20.632+01:00 DEBUG 24440 --- [bibliotheque] [main] org.hibernate.SQL                        : create sequence author_seq start with 1 increment by 50 nocache
2025-02-24T10:50:20.636+01:00 DEBUG 24440 --- [bibliotheque] [main] org.hibernate.SQL                        : create sequence book_seq start with 1 increment by 50 nocache
2025-02-24T10:50:20.641+01:00 DEBUG 24440 --- [bibliotheque] [main] org.hibernate.SQL                        : alter table if exists book add constraint FKklnrv3weler2ftkweewlky958 foreign key (author_id) references author (id)
2025-02-24T10:50:20.652+01:00 TRACE 24440 --- [bibliotheque] [main] o.h.type.spi.TypeConfiguration$Scope     : Handling #sessionFactoryCreated from [org.hibernate.internal.SessionFactoryImpl@6c4786af] for TypeConfiguration
2025-02-24T10:50:20.653+01:00  INFO 24440 --- [bibliotheque] [main] j.LocalContainerEntityManagerFactoryBean : Initialized JPA EntityManagerFactory for persistence unit 'default'
2025-02-24T10:50:20.723+01:00  WARN 24440 --- [bibliotheque] [main] JpaBaseConfiguration$JpaWebConfiguration : spring.jpa.open-in-view is enabled by default. Therefore, database queries may be performed during view rendering. Explicitly configure spring.jpa.open-in-view to disable this warning
2025-02-24T10:50:21.538+01:00  INFO 24440 --- [bibliotheque] [main] o.s.b.w.embedded.tomcat.TomcatWebServer  : Tomcat started on port 8080 (http) with context path '/'
2025-02-24T10:50:21.551+01:00  INFO 24440 --- [bibliotheque] [main] c.e.b.BibliothequeApplication            : Started BibliothequeApplication in 5.12 seconds (process running for 5.558)
2025-02-24T13:39:06.405+01:00  WARN 24440 --- [bibliotheque] [HikariPool-1 housekeeper] com.zaxxer.hikari.pool.HikariPool        : HikariPool-1 - Thread starvation or clock leap detected (housekeeper delta=30m54s177ms842µs600ns).
2025-02-24T15:48:50.220+01:00  INFO 24440 --- [bibliotheque] [SpringApplicationShutdownHook] o.s.b.w.e.tomcat.GracefulShutdown        : Commencing graceful shutdown. Waiting for active requests to complete
2025-02-24T15:48:50.290+01:00  INFO 24440 --- [bibliotheque] [tomcat-shutdown] o.s.b.w.e.tomcat.GracefulShutdown        : Graceful shutdown complete
2025-02-24T15:48:50.299+01:00  INFO 24440 --- [bibliotheque] [SpringApplicationShutdownHook] j.LocalContainerEntityManagerFactoryBean : Closing JPA EntityManagerFactory for persistence unit 'default'
2025-02-24T15:48:50.306+01:00 TRACE 24440 --- [bibliotheque] [SpringApplicationShutdownHook] o.h.type.spi.TypeConfiguration$Scope     : Handling #sessionFactoryClosed from [org.hibernate.internal.SessionFactoryImpl@6c4786af] for TypeConfiguration
2025-02-24T15:48:50.307+01:00 DEBUG 24440 --- [bibliotheque] [SpringApplicationShutdownHook] o.h.type.spi.TypeConfiguration$Scope     : Un-scoping TypeConfiguration [org.hibernate.type.spi.TypeConfiguration$Scope@a0b4960] from SessionFactory [org.hibernate.internal.SessionFactoryImpl@6c4786af]
2025-02-24T15:48:50.312+01:00  INFO 24440 --- [bibliotheque] [SpringApplicationShutdownHook] com.zaxxer.hikari.HikariDataSource       : HikariPool-1 - Shutdown initiated...
2025-02-24T15:48:50.316+01:00  INFO 24440 --- [bibliotheque] [SpringApplicationShutdownHook] com.zaxxer.hikari.HikariDataSource       : HikariPool-1 - Shutdown completed.
2025-02-24T15:48:55.679+01:00  INFO 11232 --- [bibliotheque] [main] c.e.b.BibliothequeApplication            : Starting BibliothequeApplication using Java 17.0.12 with PID 11232 (C:\Users\Admin\Desktop\bibliotheque\target\classes started by Admin Stagiaire in C:\Users\Admin\Desktop\bibliotheque)
2025-02-24T15:48:55.683+01:00  INFO 11232 --- [bibliotheque] [main] c.e.b.BibliothequeApplication            : No active profile set, falling back to 1 default profile: "default"
2025-02-24T15:48:56.487+01:00  INFO 11232 --- [bibliotheque] [main] .s.d.r.c.RepositoryConfigurationDelegate : Bootstrapping Spring Data JPA repositories in DEFAULT mode.
2025-02-24T15:48:56.551+01:00  INFO 11232 --- [bibliotheque] [main] .s.d.r.c.RepositoryConfigurationDelegate : Finished Spring Data repository scanning in 50 ms. Found 2 JPA repository interfaces.
2025-02-24T15:48:57.217+01:00  INFO 11232 --- [bibliotheque] [main] o.s.b.w.embedded.tomcat.TomcatWebServer  : Tomcat initialized with port 8080 (http)
2025-02-24T15:48:57.231+01:00  INFO 11232 --- [bibliotheque] [main] o.apache.catalina.core.StandardService   : Starting service [Tomcat]
2025-02-24T15:48:57.231+01:00  INFO 11232 --- [bibliotheque] [main] o.apache.catalina.core.StandardEngine    : Starting Servlet engine: [Apache Tomcat/10.1.34]
2025-02-24T15:48:57.306+01:00  INFO 11232 --- [bibliotheque] [main] o.a.c.c.C.[Tomcat].[localhost].[/]       : Initializing Spring embedded WebApplicationContext
2025-02-24T15:48:57.307+01:00  INFO 11232 --- [bibliotheque] [main] w.s.c.ServletWebServerApplicationContext : Root WebApplicationContext: initialization completed in 1561 ms
2025-02-24T15:48:57.517+01:00  INFO 11232 --- [bibliotheque] [main] o.hibernate.jpa.internal.util.LogHelper  : HHH000204: Processing PersistenceUnitInfo [name: default]
2025-02-24T15:48:57.594+01:00  INFO 11232 --- [bibliotheque] [main] org.hibernate.Version                    : HHH000412: Hibernate ORM core version 6.6.5.Final
2025-02-24T15:48:57.623+01:00  INFO 11232 --- [bibliotheque] [main] o.h.c.internal.RegionFactoryInitiator    : HHH000026: Second-level cache disabled
2025-02-24T15:48:57.720+01:00 DEBUG 11232 --- [bibliotheque] [main] org.hibernate.type.BasicTypeRegistry     : Adding type registration boolean -> org.hibernate.type.BasicTypeReference@51c65a43
2025-02-24T15:48:57.721+01:00 DEBUG 11232 --- [bibliotheque] [main] org.hibernate.type.BasicTypeRegistry     : Adding type registration boolean -> org.hibernate.type.BasicTypeReference@51c65a43
2025-02-24T15:48:57.721+01:00 DEBUG 11232 --- [bibliotheque] [main] org.hibernate.type.BasicTypeRegistry     : Adding type registration java.lang.Boolean -> org.hibernate.type.BasicTypeReference@51c65a43
2025-02-24T15:48:57.721+01:00 DEBUG 11232 --- [bibliotheque] [main] org.hibernate.type.BasicTypeRegistry     : Adding type registration numeric_boolean -> org.hibernate.type.BasicTypeReference@740dcae3
2025-02-24T15:48:57.721+01:00 DEBUG 11232 --- [bibliotheque] [main] org.hibernate.type.BasicTypeRegistry     : Adding type registration org.hibernate.type.NumericBooleanConverter -> org.hibernate.type.BasicTypeReference@740dcae3
2025-02-24T15:48:57.721+01:00 DEBUG 11232 --- [bibliotheque] [main] org.hibernate.type.BasicTypeRegistry     : Adding type registration true_false -> org.hibernate.type.BasicTypeReference@4e140497
2025-02-24T15:48:57.721+01:00 DEBUG 11232 --- [bibliotheque] [main] org.hibernate.type.BasicTypeRegistry     : Adding type registration org.hibernate.type.TrueFalseConverter -> org.hibernate.type.BasicTypeReference@4e140497
2025-02-24T15:48:57.722+01:00 DEBUG 11232 --- [bibliotheque] [main] org.hibernate.type.BasicTypeRegistry     : Adding type registration yes_no -> org.hibernate.type.BasicTypeReference@481b2f10
2025-02-24T15:48:57.722+01:00 DEBUG 11232 --- [bibliotheque] [main] org.hibernate.type.BasicTypeRegistry     : Adding type registration org.hibernate.type.YesNoConverter -> org.hibernate.type.BasicTypeReference@481b2f10
2025-02-24T15:48:57.722+01:00 DEBUG 11232 --- [bibliotheque] [main] org.hibernate.type.BasicTypeRegistry     : Adding type registration byte -> org.hibernate.type.BasicTypeReference@2b6c7012
2025-02-24T15:48:57.722+01:00 DEBUG 11232 --- [bibliotheque] [main] org.hibernate.type.BasicTypeRegistry     : Adding type registration byte -> org.hibernate.type.BasicTypeReference@2b6c7012
2025-02-24T15:48:57.722+01:00 DEBUG 11232 --- [bibliotheque] [main] org.hibernate.type.BasicTypeRegistry     : Adding type registration java.lang.Byte -> org.hibernate.type.BasicTypeReference@2b6c7012
2025-02-24T15:48:57.723+01:00 DEBUG 11232 --- [bibliotheque] [main] org.hibernate.type.BasicTypeRegistry     : Adding type registration binary -> org.hibernate.type.BasicTypeReference@31acfd4e
2025-02-24T15:48:57.724+01:00 DEBUG 11232 --- [bibliotheque] [main] org.hibernate.type.BasicTypeRegistry     : Adding type registration byte[] -> org.hibernate.type.BasicTypeReference@31acfd4e
2025-02-24T15:48:57.724+01:00 DEBUG 11232 --- [bibliotheque] [main] org.hibernate.type.BasicTypeRegistry     : Adding type registration [B -> org.hibernate.type.BasicTypeReference@31acfd4e
2025-02-24T15:48:57.724+01:00 DEBUG 11232 --- [bibliotheque] [main] org.hibernate.type.BasicTypeRegistry     : Adding type registration binary_wrapper -> org.hibernate.type.BasicTypeReference@624b523
2025-02-24T15:48:57.724+01:00 DEBUG 11232 --- [bibliotheque] [main] org.hibernate.type.BasicTypeRegistry     : Adding type registration wrapper-binary -> org.hibernate.type.BasicTypeReference@624b523
2025-02-24T15:48:57.724+01:00 DEBUG 11232 --- [bibliotheque] [main] org.hibernate.type.BasicTypeRegistry     : Adding type registration image -> org.hibernate.type.BasicTypeReference@50b46e24
2025-02-24T15:48:57.724+01:00 DEBUG 11232 --- [bibliotheque] [main] org.hibernate.type.BasicTypeRegistry     : Adding type registration blob -> org.hibernate.type.BasicTypeReference@1c30cb85
2025-02-24T15:48:57.724+01:00 DEBUG 11232 --- [bibliotheque] [main] org.hibernate.type.BasicTypeRegistry     : Adding type registration java.sql.Blob -> org.hibernate.type.BasicTypeReference@1c30cb85
2025-02-24T15:48:57.724+01:00 DEBUG 11232 --- [bibliotheque] [main] org.hibernate.type.BasicTypeRegistry     : Adding type registration materialized_blob -> org.hibernate.type.BasicTypeReference@577bf0aa
2025-02-24T15:48:57.724+01:00 DEBUG 11232 --- [bibliotheque] [main] org.hibernate.type.BasicTypeRegistry     : Adding type registration materialized_blob_wrapper -> org.hibernate.type.BasicTypeReference@7455dacb
2025-02-24T15:48:57.724+01:00 DEBUG 11232 --- [bibliotheque] [main] org.hibernate.type.BasicTypeRegistry     : Adding type registration short -> org.hibernate.type.BasicTypeReference@7634f2b
2025-02-24T15:48:57.724+01:00 DEBUG 11232 --- [bibliotheque] [main] org.hibernate.type.BasicTypeRegistry     : Adding type registration short -> org.hibernate.type.BasicTypeReference@7634f2b
2025-02-24T15:48:57.724+01:00 DEBUG 11232 --- [bibliotheque] [main] org.hibernate.type.BasicTypeRegistry     : Adding type registration java.lang.Short -> org.hibernate.type.BasicTypeReference@7634f2b
2025-02-24T15:48:57.725+01:00 DEBUG 11232 --- [bibliotheque] [main] org.hibernate.type.BasicTypeRegistry     : Adding type registration integer -> org.hibernate.type.BasicTypeReference@1d15c0a1
2025-02-24T15:48:57.725+01:00 DEBUG 11232 --- [bibliotheque] [main] org.hibernate.type.BasicTypeRegistry     : Adding type registration int -> org.hibernate.type.BasicTypeReference@1d15c0a1
2025-02-24T15:48:57.725+01:00 DEBUG 11232 --- [bibliotheque] [main] org.hibernate.type.BasicTypeRegistry     : Adding type registration java.lang.Integer -> org.hibernate.type.BasicTypeReference@1d15c0a1
2025-02-24T15:48:57.725+01:00 DEBUG 11232 --- [bibliotheque] [main] org.hibernate.type.BasicTypeRegistry     : Adding type registration long -> org.hibernate.type.BasicTypeReference@15639d09
2025-02-24T15:48:57.725+01:00 DEBUG 11232 --- [bibliotheque] [main] org.hibernate.type.BasicTypeRegistry     : Adding type registration long -> org.hibernate.type.BasicTypeReference@15639d09
2025-02-24T15:48:57.725+01:00 DEBUG 11232 --- [bibliotheque] [main] org.hibernate.type.BasicTypeRegistry     : Adding type registration java.lang.Long -> org.hibernate.type.BasicTypeReference@15639d09
2025-02-24T15:48:57.725+01:00 DEBUG 11232 --- [bibliotheque] [main] org.hibernate.type.BasicTypeRegistry     : Adding type registration float -> org.hibernate.type.BasicTypeReference@4fba8eec
2025-02-24T15:48:57.725+01:00 DEBUG 11232 --- [bibliotheque] [main] org.hibernate.type.BasicTypeRegistry     : Adding type registration float -> org.hibernate.type.BasicTypeReference@4fba8eec
2025-02-24T15:48:57.725+01:00 DEBUG 11232 --- [bibliotheque] [main] org.hibernate.type.BasicTypeRegistry     : Adding type registration java.lang.Float -> org.hibernate.type.BasicTypeReference@4fba8eec
2025-02-24T15:48:57.726+01:00 DEBUG 11232 --- [bibliotheque] [main] org.hibernate.type.BasicTypeRegistry     : Adding type registration double -> org.hibernate.type.BasicTypeReference@52bd9a27
2025-02-24T15:48:57.726+01:00 DEBUG 11232 --- [bibliotheque] [main] org.hibernate.type.BasicTypeRegistry     : Adding type registration double -> org.hibernate.type.BasicTypeReference@52bd9a27
2025-02-24T15:48:57.726+01:00 DEBUG 11232 --- [bibliotheque] [main] org.hibernate.type.BasicTypeRegistry     : Adding type registration java.lang.Double -> org.hibernate.type.BasicTypeReference@52bd9a27
2025-02-24T15:48:57.726+01:00 DEBUG 11232 --- [bibliotheque] [main] org.hibernate.type.BasicTypeRegistry     : Adding type registration big_integer -> org.hibernate.type.BasicTypeReference@611e5819
2025-02-24T15:48:57.726+01:00 DEBUG 11232 --- [bibliotheque] [main] org.hibernate.type.BasicTypeRegistry     : Adding type registration java.math.BigInteger -> org.hibernate.type.BasicTypeReference@611e5819
2025-02-24T15:48:57.726+01:00 DEBUG 11232 --- [bibliotheque] [main] org.hibernate.type.BasicTypeRegistry     : Adding type registration big_decimal -> org.hibernate.type.BasicTypeReference@681c0ae6
2025-02-24T15:48:57.726+01:00 DEBUG 11232 --- [bibliotheque] [main] org.hibernate.type.BasicTypeRegistry     : Adding type registration java.math.BigDecimal -> org.hibernate.type.BasicTypeReference@681c0ae6
2025-02-24T15:48:57.726+01:00 DEBUG 11232 --- [bibliotheque] [main] org.hibernate.type.BasicTypeRegistry     : Adding type registration character -> org.hibernate.type.BasicTypeReference@73ca34e7
2025-02-24T15:48:57.726+01:00 DEBUG 11232 --- [bibliotheque] [main] org.hibernate.type.BasicTypeRegistry     : Adding type registration char -> org.hibernate.type.BasicTypeReference@73ca34e7
2025-02-24T15:48:57.726+01:00 DEBUG 11232 --- [bibliotheque] [main] org.hibernate.type.BasicTypeRegistry     : Adding type registration java.lang.Character -> org.hibernate.type.BasicTypeReference@73ca34e7
2025-02-24T15:48:57.726+01:00 DEBUG 11232 --- [bibliotheque] [main] org.hibernate.type.BasicTypeRegistry     : Adding type registration character_nchar -> org.hibernate.type.BasicTypeReference@4d98e41b
2025-02-24T15:48:57.727+01:00 DEBUG 11232 --- [bibliotheque] [main] org.hibernate.type.BasicTypeRegistry     : Adding type registration string -> org.hibernate.type.BasicTypeReference@5ed5b321
2025-02-24T15:48:57.727+01:00 DEBUG 11232 --- [bibliotheque] [main] org.hibernate.type.BasicTypeRegistry     : Adding type registration java.lang.String -> org.hibernate.type.BasicTypeReference@5ed5b321
2025-02-24T15:48:57.727+01:00 DEBUG 11232 --- [bibliotheque] [main] org.hibernate.type.BasicTypeRegistry     : Adding type registration nstring -> org.hibernate.type.BasicTypeReference@5696c927
2025-02-24T15:48:57.727+01:00 DEBUG 11232 --- [bibliotheque] [main] org.hibernate.type.BasicTypeRegistry     : Adding type registration characters -> org.hibernate.type.BasicTypeReference@7459a21e
2025-02-24T15:48:57.727+01:00 DEBUG 11232 --- [bibliotheque] [main] org.hibernate.type.BasicTypeRegistry     : Adding type registration char[] -> org.hibernate.type.BasicTypeReference@7459a21e
2025-02-24T15:48:57.727+01:00 DEBUG 11232 --- [bibliotheque] [main] org.hibernate.type.BasicTypeRegistry     : Adding type registration [C -> org.hibernate.type.BasicTypeReference@7459a21e
2025-02-24T15:48:57.727+01:00 DEBUG 11232 --- [bibliotheque] [main] org.hibernate.type.BasicTypeRegistry     : Adding type registration wrapper-characters -> org.hibernate.type.BasicTypeReference@7eeb38b2
2025-02-24T15:48:57.727+01:00 DEBUG 11232 --- [bibliotheque] [main] org.hibernate.type.BasicTypeRegistry     : Adding type registration text -> org.hibernate.type.BasicTypeReference@d54d0f5
2025-02-24T15:48:57.727+01:00 DEBUG 11232 --- [bibliotheque] [main] org.hibernate.type.BasicTypeRegistry     : Adding type registration ntext -> org.hibernate.type.BasicTypeReference@6d6bff89
2025-02-24T15:48:57.728+01:00 DEBUG 11232 --- [bibliotheque] [main] org.hibernate.type.BasicTypeRegistry     : Adding type registration clob -> org.hibernate.type.BasicTypeReference@541bf968
2025-02-24T15:48:57.728+01:00 DEBUG 11232 --- [bibliotheque] [main] org.hibernate.type.BasicTypeRegistry     : Adding type registration java.sql.Clob -> org.hibernate.type.BasicTypeReference@541bf968
2025-02-24T15:48:57.728+01:00 DEBUG 11232 --- [bibliotheque] [main] org.hibernate.type.BasicTypeRegistry     : Adding type registration nclob -> org.hibernate.type.BasicTypeReference@739265f1
2025-02-24T15:48:57.728+01:00 DEBUG 11232 --- [bibliotheque] [main] org.hibernate.type.BasicTypeRegistry     : Adding type registration java.sql.NClob -> org.hibernate.type.BasicTypeReference@739265f1
2025-02-24T15:48:57.728+01:00 DEBUG 11232 --- [bibliotheque] [main] org.hibernate.type.BasicTypeRegistry     : Adding type registration materialized_clob -> org.hibernate.type.BasicTypeReference@58eac00e
2025-02-24T15:48:57.728+01:00 DEBUG 11232 --- [bibliotheque] [main] org.hibernate.type.BasicTypeRegistry     : Adding type registration materialized_clob_char_array -> org.hibernate.type.BasicTypeReference@6acffb2d
2025-02-24T15:48:57.728+01:00 DEBUG 11232 --- [bibliotheque] [main] org.hibernate.type.BasicTypeRegistry     : Adding type registration materialized_clob_character_array -> org.hibernate.type.BasicTypeReference@61149fa5
2025-02-24T15:48:57.728+01:00 DEBUG 11232 --- [bibliotheque] [main] org.hibernate.type.BasicTypeRegistry     : Adding type registration materialized_nclob -> org.hibernate.type.BasicTypeReference@149c39b
2025-02-24T15:48:57.728+01:00 DEBUG 11232 --- [bibliotheque] [main] org.hibernate.type.BasicTypeRegistry     : Adding type registration materialized_nclob_character_array -> org.hibernate.type.BasicTypeReference@f2d890c
2025-02-24T15:48:57.728+01:00 DEBUG 11232 --- [bibliotheque] [main] org.hibernate.type.BasicTypeRegistry     : Adding type registration materialized_nclob_char_array -> org.hibernate.type.BasicTypeReference@1a2e0d57
2025-02-24T15:48:57.729+01:00 DEBUG 11232 --- [bibliotheque] [main] org.hibernate.type.BasicTypeRegistry     : Adding type registration Duration -> org.hibernate.type.BasicTypeReference@5f025000
2025-02-24T15:48:57.729+01:00 DEBUG 11232 --- [bibliotheque] [main] org.hibernate.type.BasicTypeRegistry     : Adding type registration java.time.Duration -> org.hibernate.type.BasicTypeReference@5f025000
2025-02-24T15:48:57.729+01:00 DEBUG 11232 --- [bibliotheque] [main] org.hibernate.type.BasicTypeRegistry     : Adding type registration LocalDateTime -> org.hibernate.type.BasicTypeReference@10980560
2025-02-24T15:48:57.729+01:00 DEBUG 11232 --- [bibliotheque] [main] org.hibernate.type.BasicTypeRegistry     : Adding type registration java.time.LocalDateTime -> org.hibernate.type.BasicTypeReference@10980560
2025-02-24T15:48:57.729+01:00 DEBUG 11232 --- [bibliotheque] [main] org.hibernate.type.BasicTypeRegistry     : Adding type registration LocalDate -> org.hibernate.type.BasicTypeReference@739e8b96
2025-02-24T15:48:57.729+01:00 DEBUG 11232 --- [bibliotheque] [main] org.hibernate.type.BasicTypeRegistry     : Adding type registration java.time.LocalDate -> org.hibernate.type.BasicTypeReference@739e8b96
2025-02-24T15:48:57.729+01:00 DEBUG 11232 --- [bibliotheque] [main] org.hibernate.type.BasicTypeRegistry     : Adding type registration LocalTime -> org.hibernate.type.BasicTypeReference@19b07407
2025-02-24T15:48:57.729+01:00 DEBUG 11232 --- [bibliotheque] [main] org.hibernate.type.BasicTypeRegistry     : Adding type registration java.time.LocalTime -> org.hibernate.type.BasicTypeReference@19b07407
2025-02-24T15:48:57.729+01:00 DEBUG 11232 --- [bibliotheque] [main] org.hibernate.type.BasicTypeRegistry     : Adding type registration OffsetDateTime -> org.hibernate.type.BasicTypeReference@54ffa561
2025-02-24T15:48:57.729+01:00 DEBUG 11232 --- [bibliotheque] [main] org.hibernate.type.BasicTypeRegistry     : Adding type registration java.time.OffsetDateTime -> org.hibernate.type.BasicTypeReference@54ffa561
2025-02-24T15:48:57.730+01:00 DEBUG 11232 --- [bibliotheque] [main] org.hibernate.type.BasicTypeRegistry     : Adding type registration OffsetDateTimeWithTimezone -> org.hibernate.type.BasicTypeReference@49c099b
2025-02-24T15:48:57.730+01:00 DEBUG 11232 --- [bibliotheque] [main] org.hibernate.type.BasicTypeRegistry     : Adding type registration OffsetDateTimeWithoutTimezone -> org.hibernate.type.BasicTypeReference@3d9f0a5
2025-02-24T15:48:57.730+01:00 DEBUG 11232 --- [bibliotheque] [main] org.hibernate.type.BasicTypeRegistry     : Adding type registration OffsetTime -> org.hibernate.type.BasicTypeReference@1953bc95
2025-02-24T15:48:57.730+01:00 DEBUG 11232 --- [bibliotheque] [main] org.hibernate.type.BasicTypeRegistry     : Adding type registration java.time.OffsetTime -> org.hibernate.type.BasicTypeReference@1953bc95
2025-02-24T15:48:57.730+01:00 DEBUG 11232 --- [bibliotheque] [main] org.hibernate.type.BasicTypeRegistry     : Adding type registration OffsetTimeUtc -> org.hibernate.type.BasicTypeReference@30aec673
2025-02-24T15:48:57.730+01:00 DEBUG 11232 --- [bibliotheque] [main] org.hibernate.type.BasicTypeRegistry     : Adding type registration OffsetTimeWithTimezone -> org.hibernate.type.BasicTypeReference@549ac12c
2025-02-24T15:48:57.730+01:00 DEBUG 11232 --- [bibliotheque] [main] org.hibernate.type.BasicTypeRegistry     : Adding type registration OffsetTimeWithoutTimezone -> org.hibernate.type.BasicTypeReference@188a5fc2
2025-02-24T15:48:57.730+01:00 DEBUG 11232 --- [bibliotheque] [main] org.hibernate.type.BasicTypeRegistry     : Adding type registration ZonedDateTime -> org.hibernate.type.BasicTypeReference@1cb9ef52
2025-02-24T15:48:57.730+01:00 DEBUG 11232 --- [bibliotheque] [main] org.hibernate.type.BasicTypeRegistry     : Adding type registration java.time.ZonedDateTime -> org.hibernate.type.BasicTypeReference@1cb9ef52
2025-02-24T15:48:57.730+01:00 DEBUG 11232 --- [bibliotheque] [main] org.hibernate.type.BasicTypeRegistry     : Adding type registration ZonedDateTimeWithTimezone -> org.hibernate.type.BasicTypeReference@5a622fe8
2025-02-24T15:48:57.730+01:00 DEBUG 11232 --- [bibliotheque] [main] org.hibernate.type.BasicTypeRegistry     : Adding type registration ZonedDateTimeWithoutTimezone -> org.hibernate.type.BasicTypeReference@58f31629
2025-02-24T15:48:57.730+01:00 DEBUG 11232 --- [bibliotheque] [main] org.hibernate.type.BasicTypeRegistry     : Adding type registration date -> org.hibernate.type.BasicTypeReference@124d26ba
2025-02-24T15:48:57.730+01:00 DEBUG 11232 --- [bibliotheque] [main] org.hibernate.type.BasicTypeRegistry     : Adding type registration java.sql.Date -> org.hibernate.type.BasicTypeReference@124d26ba
2025-02-24T15:48:57.730+01:00 DEBUG 11232 --- [bibliotheque] [main] org.hibernate.type.BasicTypeRegistry     : Adding type registration time -> org.hibernate.type.BasicTypeReference@415d88de
2025-02-24T15:48:57.731+01:00 DEBUG 11232 --- [bibliotheque] [main] org.hibernate.type.BasicTypeRegistry     : Adding type registration java.sql.Time -> org.hibernate.type.BasicTypeReference@415d88de
2025-02-24T15:48:57.731+01:00 DEBUG 11232 --- [bibliotheque] [main] org.hibernate.type.BasicTypeRegistry     : Adding type registration timestamp -> org.hibernate.type.BasicTypeReference@a0bf272
2025-02-24T15:48:57.731+01:00 DEBUG 11232 --- [bibliotheque] [main] org.hibernate.type.BasicTypeRegistry     : Adding type registration java.sql.Timestamp -> org.hibernate.type.BasicTypeReference@a0bf272
2025-02-24T15:48:57.731+01:00 DEBUG 11232 --- [bibliotheque] [main] org.hibernate.type.BasicTypeRegistry     : Adding type registration java.util.Date -> org.hibernate.type.BasicTypeReference@a0bf272
2025-02-24T15:48:57.731+01:00 DEBUG 11232 --- [bibliotheque] [main] org.hibernate.type.BasicTypeRegistry     : Adding type registration calendar -> org.hibernate.type.BasicTypeReference@4a89ef44
2025-02-24T15:48:57.731+01:00 DEBUG 11232 --- [bibliotheque] [main] org.hibernate.type.BasicTypeRegistry     : Adding type registration java.util.Calendar -> org.hibernate.type.BasicTypeReference@4a89ef44
2025-02-24T15:48:57.731+01:00 DEBUG 11232 --- [bibliotheque] [main] org.hibernate.type.BasicTypeRegistry     : Adding type registration java.util.GregorianCalendar -> org.hibernate.type.BasicTypeReference@4a89ef44
2025-02-24T15:48:57.731+01:00 DEBUG 11232 --- [bibliotheque] [main] org.hibernate.type.BasicTypeRegistry     : Adding type registration calendar_date -> org.hibernate.type.BasicTypeReference@310a7859
2025-02-24T15:48:57.731+01:00 DEBUG 11232 --- [bibliotheque] [main] org.hibernate.type.BasicTypeRegistry     : Adding type registration calendar_time -> org.hibernate.type.BasicTypeReference@1cbc1dde
2025-02-24T15:48:57.732+01:00 DEBUG 11232 --- [bibliotheque] [main] org.hibernate.type.BasicTypeRegistry     : Adding type registration instant -> org.hibernate.type.BasicTypeReference@4971f459
2025-02-24T15:48:57.732+01:00 DEBUG 11232 --- [bibliotheque] [main] org.hibernate.type.BasicTypeRegistry     : Adding type registration java.time.Instant -> org.hibernate.type.BasicTypeReference@4971f459
2025-02-24T15:48:57.732+01:00 DEBUG 11232 --- [bibliotheque] [main] org.hibernate.type.BasicTypeRegistry     : Adding type registration uuid -> org.hibernate.type.BasicTypeReference@4c07d1fc
2025-02-24T15:48:57.732+01:00 DEBUG 11232 --- [bibliotheque] [main] org.hibernate.type.BasicTypeRegistry     : Adding type registration java.util.UUID -> org.hibernate.type.BasicTypeReference@4c07d1fc
2025-02-24T15:48:57.732+01:00 DEBUG 11232 --- [bibliotheque] [main] org.hibernate.type.BasicTypeRegistry     : Adding type registration pg-uuid -> org.hibernate.type.BasicTypeReference@4c07d1fc
2025-02-24T15:48:57.732+01:00 DEBUG 11232 --- [bibliotheque] [main] org.hibernate.type.BasicTypeRegistry     : Adding type registration uuid-binary -> org.hibernate.type.BasicTypeReference@2eada095
2025-02-24T15:48:57.732+01:00 DEBUG 11232 --- [bibliotheque] [main] org.hibernate.type.BasicTypeRegistry     : Adding type registration uuid-char -> org.hibernate.type.BasicTypeReference@52831a73
2025-02-24T15:48:57.732+01:00 DEBUG 11232 --- [bibliotheque] [main] org.hibernate.type.BasicTypeRegistry     : Adding type registration class -> org.hibernate.type.BasicTypeReference@1416ff46
2025-02-24T15:48:57.732+01:00 DEBUG 11232 --- [bibliotheque] [main] org.hibernate.type.BasicTypeRegistry     : Adding type registration java.lang.Class -> org.hibernate.type.BasicTypeReference@1416ff46
2025-02-24T15:48:57.732+01:00 DEBUG 11232 --- [bibliotheque] [main] org.hibernate.type.BasicTypeRegistry     : Adding type registration currency -> org.hibernate.type.BasicTypeReference@66ec4409
2025-02-24T15:48:57.732+01:00 DEBUG 11232 --- [bibliotheque] [main] org.hibernate.type.BasicTypeRegistry     : Adding type registration Currency -> org.hibernate.type.BasicTypeReference@66ec4409
2025-02-24T15:48:57.732+01:00 DEBUG 11232 --- [bibliotheque] [main] org.hibernate.type.BasicTypeRegistry     : Adding type registration java.util.Currency -> org.hibernate.type.BasicTypeReference@66ec4409
2025-02-24T15:48:57.732+01:00 DEBUG 11232 --- [bibliotheque] [main] org.hibernate.type.BasicTypeRegistry     : Adding type registration locale -> org.hibernate.type.BasicTypeReference@2506e949
2025-02-24T15:48:57.732+01:00 DEBUG 11232 --- [bibliotheque] [main] org.hibernate.type.BasicTypeRegistry     : Adding type registration java.util.Locale -> org.hibernate.type.BasicTypeReference@2506e949
2025-02-24T15:48:57.732+01:00 DEBUG 11232 --- [bibliotheque] [main] org.hibernate.type.BasicTypeRegistry     : Adding type registration serializable -> org.hibernate.type.BasicTypeReference@6f1c3f18
2025-02-24T15:48:57.733+01:00 DEBUG 11232 --- [bibliotheque] [main] org.hibernate.type.BasicTypeRegistry     : Adding type registration java.io.Serializable -> org.hibernate.type.BasicTypeReference@6f1c3f18
2025-02-24T15:48:57.733+01:00 DEBUG 11232 --- [bibliotheque] [main] org.hibernate.type.BasicTypeRegistry     : Adding type registration timezone -> org.hibernate.type.BasicTypeReference@4c531172
2025-02-24T15:48:57.733+01:00 DEBUG 11232 --- [bibliotheque] [main] org.hibernate.type.BasicTypeRegistry     : Adding type registration java.util.TimeZone -> org.hibernate.type.BasicTypeReference@4c531172
2025-02-24T15:48:57.733+01:00 DEBUG 11232 --- [bibliotheque] [main] org.hibernate.type.BasicTypeRegistry     : Adding type registration ZoneOffset -> org.hibernate.type.BasicTypeReference@489bc8fd
2025-02-24T15:48:57.733+01:00 DEBUG 11232 --- [bibliotheque] [main] org.hibernate.type.BasicTypeRegistry     : Adding type registration java.time.ZoneOffset -> org.hibernate.type.BasicTypeReference@489bc8fd
2025-02-24T15:48:57.733+01:00 DEBUG 11232 --- [bibliotheque] [main] org.hibernate.type.BasicTypeRegistry     : Adding type registration url -> org.hibernate.type.BasicTypeReference@5ac53c06
2025-02-24T15:48:57.733+01:00 DEBUG 11232 --- [bibliotheque] [main] org.hibernate.type.BasicTypeRegistry     : Adding type registration java.net.URL -> org.hibernate.type.BasicTypeReference@5ac53c06
2025-02-24T15:48:57.733+01:00 DEBUG 11232 --- [bibliotheque] [main] org.hibernate.type.BasicTypeRegistry     : Adding type registration vector -> org.hibernate.type.BasicTypeReference@54af3cb9
2025-02-24T15:48:57.733+01:00 DEBUG 11232 --- [bibliotheque] [main] org.hibernate.type.BasicTypeRegistry     : Adding type registration float_vector -> org.hibernate.type.BasicTypeReference@236fdf
2025-02-24T15:48:57.733+01:00 DEBUG 11232 --- [bibliotheque] [main] org.hibernate.type.BasicTypeRegistry     : Adding type registration double_vector -> org.hibernate.type.BasicTypeReference@16e99306
2025-02-24T15:48:57.733+01:00 DEBUG 11232 --- [bibliotheque] [main] org.hibernate.type.BasicTypeRegistry     : Adding type registration byte_vector -> org.hibernate.type.BasicTypeReference@653fb8d1
2025-02-24T15:48:57.733+01:00 DEBUG 11232 --- [bibliotheque] [main] org.hibernate.type.BasicTypeRegistry     : Adding type registration row_version -> org.hibernate.type.BasicTypeReference@48581a3b
2025-02-24T15:48:57.738+01:00 DEBUG 11232 --- [bibliotheque] [main] org.hibernate.type.BasicTypeRegistry     : Adding type registration object -> org.hibernate.type.JavaObjectType@385d819
2025-02-24T15:48:57.738+01:00 DEBUG 11232 --- [bibliotheque] [main] org.hibernate.type.BasicTypeRegistry     : Adding type registration java.lang.Object -> org.hibernate.type.JavaObjectType@385d819
2025-02-24T15:48:57.739+01:00 DEBUG 11232 --- [bibliotheque] [main] org.hibernate.type.BasicTypeRegistry     : Adding type registration null -> org.hibernate.type.NullType@32256e68
2025-02-24T15:48:57.740+01:00 DEBUG 11232 --- [bibliotheque] [main] org.hibernate.type.BasicTypeRegistry     : Adding type registration imm_date -> org.hibernate.type.BasicTypeReference@5e7abaf7
2025-02-24T15:48:57.740+01:00 DEBUG 11232 --- [bibliotheque] [main] org.hibernate.type.BasicTypeRegistry     : Adding type registration imm_time -> org.hibernate.type.BasicTypeReference@353f472a
2025-02-24T15:48:57.740+01:00 DEBUG 11232 --- [bibliotheque] [main] org.hibernate.type.BasicTypeRegistry     : Adding type registration imm_timestamp -> org.hibernate.type.BasicTypeReference@63bfdbcb
2025-02-24T15:48:57.740+01:00 DEBUG 11232 --- [bibliotheque] [main] org.hibernate.type.BasicTypeRegistry     : Adding type registration imm_calendar -> org.hibernate.type.BasicTypeReference@7af0affa
2025-02-24T15:48:57.740+01:00 DEBUG 11232 --- [bibliotheque] [main] org.hibernate.type.BasicTypeRegistry     : Adding type registration imm_calendar_date -> org.hibernate.type.BasicTypeReference@71560f51
2025-02-24T15:48:57.740+01:00 DEBUG 11232 --- [bibliotheque] [main] org.hibernate.type.BasicTypeRegistry     : Adding type registration imm_calendar_time -> org.hibernate.type.BasicTypeReference@3e1f1046
2025-02-24T15:48:57.740+01:00 DEBUG 11232 --- [bibliotheque] [main] org.hibernate.type.BasicTypeRegistry     : Adding type registration imm_binary -> org.hibernate.type.BasicTypeReference@23e3f5cd
2025-02-24T15:48:57.740+01:00 DEBUG 11232 --- [bibliotheque] [main] org.hibernate.type.BasicTypeRegistry     : Adding type registration imm_serializable -> org.hibernate.type.BasicTypeReference@5c931134
2025-02-24T15:48:57.977+01:00  INFO 11232 --- [bibliotheque] [main] o.s.o.j.p.SpringPersistenceUnitInfo      : No LoadTimeWeaver setup: ignoring JPA class transformer
2025-02-24T15:48:58.022+01:00  INFO 11232 --- [bibliotheque] [main] com.zaxxer.hikari.HikariDataSource       : HikariPool-1 - Starting...
2025-02-24T15:48:58.156+01:00  INFO 11232 --- [bibliotheque] [main] com.zaxxer.hikari.pool.HikariPool        : HikariPool-1 - Added connection org.mariadb.jdbc.Connection@3d512652
2025-02-24T15:48:58.158+01:00  INFO 11232 --- [bibliotheque] [main] com.zaxxer.hikari.HikariDataSource       : HikariPool-1 - Start completed.
2025-02-24T15:48:58.203+01:00  WARN 11232 --- [bibliotheque] [main] org.hibernate.orm.deprecation            : HHH90000025: MariaDBDialect does not need to be specified explicitly using 'hibernate.dialect' (remove the property setting and it will be selected by default)
2025-02-24T15:48:58.224+01:00  INFO 11232 --- [bibliotheque] [main] org.hibernate.orm.connections.pooling    : HHH10001005: Database info:
	Database JDBC URL [Connecting through datasource 'HikariDataSource (HikariPool-1)']
	Database driver: undefined/unknown
	Database version: 11.5.2
	Autocommit mode: undefined/unknown
	Isolation level: undefined/unknown
	Minimum pool size: undefined/unknown
	Maximum pool size: undefined/unknown
2025-02-24T15:48:58.234+01:00 DEBUG 11232 --- [bibliotheque] [main] o.h.t.d.sql.spi.DdlTypeRegistry          : addDescriptor(12, org.hibernate.type.descriptor.sql.internal.CapacityDependentDdlType@77ce88c4) replaced previous registration(org.hibernate.type.descriptor.sql.internal.CapacityDependentDdlType@11abd6c)
2025-02-24T15:48:58.234+01:00 DEBUG 11232 --- [bibliotheque] [main] o.h.t.d.sql.spi.DdlTypeRegistry          : addDescriptor(-9, org.hibernate.type.descriptor.sql.internal.CapacityDependentDdlType@29b5533) replaced previous registration(org.hibernate.type.descriptor.sql.internal.CapacityDependentDdlType@7608a838)
2025-02-24T15:48:58.234+01:00 DEBUG 11232 --- [bibliotheque] [main] o.h.t.d.sql.spi.DdlTypeRegistry          : addDescriptor(-3, org.hibernate.type.descriptor.sql.internal.CapacityDependentDdlType@75839695) replaced previous registration(org.hibernate.type.descriptor.sql.internal.CapacityDependentDdlType@21a6a494)
2025-02-24T15:48:58.234+01:00 DEBUG 11232 --- [bibliotheque] [main] o.h.t.d.sql.spi.DdlTypeRegistry          : addDescriptor(4003, org.hibernate.type.descriptor.sql.internal.DdlTypeImpl@794c5f5e) replaced previous registration(org.hibernate.type.descriptor.sql.internal.DdlTypeImpl@4ab66127)
2025-02-24T15:48:58.234+01:00 DEBUG 11232 --- [bibliotheque] [main] o.h.t.d.sql.spi.DdlTypeRegistry          : addDescriptor(4001, org.hibernate.type.descriptor.sql.internal.DdlTypeImpl@236861da) replaced previous registration(org.hibernate.type.descriptor.sql.internal.DdlTypeImpl@37fef327)
2025-02-24T15:48:58.234+01:00 DEBUG 11232 --- [bibliotheque] [main] o.h.t.d.sql.spi.DdlTypeRegistry          : addDescriptor(4002, org.hibernate.type.descriptor.sql.internal.DdlTypeImpl@2cd3fc29) replaced previous registration(org.hibernate.type.descriptor.sql.internal.DdlTypeImpl@55951fcd)
2025-02-24T15:48:58.234+01:00 DEBUG 11232 --- [bibliotheque] [main] o.h.t.d.sql.spi.DdlTypeRegistry          : addDescriptor(2004, org.hibernate.type.descriptor.sql.internal.CapacityDependentDdlType@3513d214) replaced previous registration(org.hibernate.type.descriptor.sql.internal.DdlTypeImpl@7534785a)
2025-02-24T15:48:58.235+01:00 DEBUG 11232 --- [bibliotheque] [main] o.h.t.d.sql.spi.DdlTypeRegistry          : addDescriptor(2005, org.hibernate.type.descriptor.sql.internal.CapacityDependentDdlType@46b5f061) replaced previous registration(org.hibernate.type.descriptor.sql.internal.DdlTypeImpl@3ba3f40d)
2025-02-24T15:48:58.235+01:00 DEBUG 11232 --- [bibliotheque] [main] o.h.t.d.sql.spi.DdlTypeRegistry          : addDescriptor(2011, org.hibernate.type.descriptor.sql.internal.CapacityDependentDdlType@108b121f) replaced previous registration(org.hibernate.type.descriptor.sql.internal.DdlTypeImpl@46ab4efc)
2025-02-24T15:48:58.238+01:00 DEBUG 11232 --- [bibliotheque] [main] org.hibernate.type.BasicTypeRegistry     : Adding type registration null -> org.hibernate.type.NullType@e4ca109
2025-02-24T15:48:58.238+01:00 DEBUG 11232 --- [bibliotheque] [main] org.hibernate.type.BasicTypeRegistry     : Type registration key [null] overrode previous entry : `org.hibernate.type.NullType@32256e68`
2025-02-24T15:48:58.241+01:00 DEBUG 11232 --- [bibliotheque] [main] org.hibernate.type.BasicTypeRegistry     : Adding type registration org.hibernate.type.DurationType -> basicType@1(java.time.Duration,3015)
2025-02-24T15:48:58.241+01:00 DEBUG 11232 --- [bibliotheque] [main] org.hibernate.type.BasicTypeRegistry     : Adding type registration Duration -> basicType@1(java.time.Duration,3015)
2025-02-24T15:48:58.241+01:00 DEBUG 11232 --- [bibliotheque] [main] org.hibernate.type.BasicTypeRegistry     : Adding type registration java.time.Duration -> basicType@1(java.time.Duration,3015)
2025-02-24T15:48:58.244+01:00 DEBUG 11232 --- [bibliotheque] [main] org.hibernate.type.BasicTypeRegistry     : Adding type registration org.hibernate.type.OffsetDateTimeType -> basicType@2(java.time.OffsetDateTime,3003)
2025-02-24T15:48:58.244+01:00 DEBUG 11232 --- [bibliotheque] [main] org.hibernate.type.BasicTypeRegistry     : Adding type registration OffsetDateTime -> basicType@2(java.time.OffsetDateTime,3003)
2025-02-24T15:48:58.244+01:00 DEBUG 11232 --- [bibliotheque] [main] org.hibernate.type.BasicTypeRegistry     : Adding type registration java.time.OffsetDateTime -> basicType@2(java.time.OffsetDateTime,3003)
2025-02-24T15:48:58.244+01:00 DEBUG 11232 --- [bibliotheque] [main] org.hibernate.type.BasicTypeRegistry     : Adding type registration org.hibernate.type.ZonedDateTimeType -> basicType@3(java.time.ZonedDateTime,3003)
2025-02-24T15:48:58.244+01:00 DEBUG 11232 --- [bibliotheque] [main] org.hibernate.type.BasicTypeRegistry     : Adding type registration ZonedDateTime -> basicType@3(java.time.ZonedDateTime,3003)
2025-02-24T15:48:58.244+01:00 DEBUG 11232 --- [bibliotheque] [main] org.hibernate.type.BasicTypeRegistry     : Adding type registration java.time.ZonedDateTime -> basicType@3(java.time.ZonedDateTime,3003)
2025-02-24T15:48:58.244+01:00 DEBUG 11232 --- [bibliotheque] [main] org.hibernate.type.BasicTypeRegistry     : Adding type registration org.hibernate.type.OffsetTimeType -> basicType@4(java.time.OffsetTime,3007)
2025-02-24T15:48:58.245+01:00 DEBUG 11232 --- [bibliotheque] [main] org.hibernate.type.BasicTypeRegistry     : Adding type registration OffsetTime -> basicType@4(java.time.OffsetTime,3007)
2025-02-24T15:48:58.245+01:00 DEBUG 11232 --- [bibliotheque] [main] org.hibernate.type.BasicTypeRegistry     : Adding type registration java.time.OffsetTime -> basicType@4(java.time.OffsetTime,3007)
2025-02-24T15:48:58.245+01:00 DEBUG 11232 --- [bibliotheque] [main] o.h.type.spi.TypeConfiguration$Scope     : Scoping TypeConfiguration [org.hibernate.type.spi.TypeConfiguration@71f0806b] to MetadataBuildingContext [org.hibernate.boot.internal.MetadataBuildingContextRootImpl@49889154]
2025-02-24T15:48:59.008+01:00  INFO 11232 --- [bibliotheque] [main] o.h.e.t.j.p.i.JtaPlatformInitiator       : HHH000489: No JTA platform available (set 'hibernate.transaction.jta.platform' to enable JTA platform integration)
2025-02-24T15:48:59.009+01:00 DEBUG 11232 --- [bibliotheque] [main] o.h.type.spi.TypeConfiguration$Scope     : Scoping TypeConfiguration [org.hibernate.type.spi.TypeConfiguration@71f0806b] to SessionFactoryImplementor [org.hibernate.internal.SessionFactoryImpl@8f374de]
2025-02-24T15:48:59.042+01:00 DEBUG 11232 --- [bibliotheque] [main] org.hibernate.SQL                        : create table author (id bigint not null auto_increment, number_of_books integer not null, date_of_birth date not null, description MEDIUMTEXT not null, first_name varchar(50) not null, name varchar(50) not null, nationality varchar(50) not null, primary key (id)) engine=InnoDB
2025-02-24T15:48:59.050+01:00 DEBUG 11232 --- [bibliotheque] [main] org.hibernate.SQL                        : create table book (id bigint not null, name varchar(255), author_id bigint, primary key (id)) engine=InnoDB
2025-02-24T15:48:59.058+01:00 DEBUG 11232 --- [bibliotheque] [main] org.hibernate.SQL                        : create sequence book_seq start with 1 increment by 50 nocache
2025-02-24T15:48:59.063+01:00 DEBUG 11232 --- [bibliotheque] [main] org.hibernate.SQL                        : alter table if exists book add constraint FKklnrv3weler2ftkweewlky958 foreign key (author_id) references author (id)
2025-02-24T15:48:59.075+01:00 TRACE 11232 --- [bibliotheque] [main] o.h.type.spi.TypeConfiguration$Scope     : Handling #sessionFactoryCreated from [org.hibernate.internal.SessionFactoryImpl@8f374de] for TypeConfiguration
2025-02-24T15:48:59.075+01:00  INFO 11232 --- [bibliotheque] [main] j.LocalContainerEntityManagerFactoryBean : Initialized JPA EntityManagerFactory for persistence unit 'default'
2025-02-24T15:48:59.143+01:00  WARN 11232 --- [bibliotheque] [main] JpaBaseConfiguration$JpaWebConfiguration : spring.jpa.open-in-view is enabled by default. Therefore, database queries may be performed during view rendering. Explicitly configure spring.jpa.open-in-view to disable this warning
2025-02-24T15:48:59.949+01:00  INFO 11232 --- [bibliotheque] [main] o.s.b.w.embedded.tomcat.TomcatWebServer  : Tomcat started on port 8080 (http) with context path '/'
2025-02-24T15:48:59.963+01:00  INFO 11232 --- [bibliotheque] [main] c.e.b.BibliothequeApplication            : Started BibliothequeApplication in 4.743 seconds (process running for 5.32)
